C51 COMPILER V9.60.0.0   LCD1602                                                           03/19/2022 22:54:06 PAGE 1   


C51 COMPILER V9.60.0.0, COMPILATION OF MODULE LCD1602
OBJECT MODULE PLACED IN .\Objects\LCD1602.obj
COMPILER INVOKED BY: D:\software\Keil\C51\BIN\C51.EXE LCD1602.c OPTIMIZE(8,SPEED) BROWSE DEBUG OBJECTEXTEND PRINT(.\List
                    -ings\LCD1602.lst) TABS(2) OBJECT(.\Objects\LCD1602.obj)

line level    source

   1          #include <REGX52.H>
   2          #include "LCD1602.h"
   3          
   4          void lcd1602_write_cmd(u8 cmd)
   5          {
   6   1        LCD1602_RS = 0;
   7   1        LCD1602_RW = 0;
   8   1        LCD1602_E = 0;
   9   1        LCD1602_DATAPORT = cmd;
  10   1        DelayNms(1);
  11   1        LCD1602_E = 1;
  12   1        DelayNms(1);
  13   1        LCD1602_E = 0;
  14   1        
  15   1      }
  16          
  17          void lcd1602_write_data(u8 dat)
  18          {
  19   1        LCD1602_RS = 1;
  20   1        LCD1602_RW = 0;
  21   1        LCD1602_E = 0;
  22   1        LCD1602_DATAPORT = dat;
  23   1        DelayNms(1);
  24   1        LCD1602_E = 1;
  25   1        DelayNms(1);
  26   1        LCD1602_E = 0;
  27   1        
  28   1      }
  29          
  30          void lcd1602_init(void)
  31          {
  32   1        lcd1602_write_cmd(0x38);
  33   1        lcd1602_write_cmd(0x0C);
  34   1        lcd1602_write_cmd(0x06);
  35   1        lcd1602_write_cmd(0x01);
  36   1      }
  37          
  38          void lcd1602_show_string(u8 x, u8 y, u8 *str)
  39          {
  40   1        if(y > 1 | x > 15) return;
  41   1        if(y < 1)  // 第一行
  42   1        {
  43   2          while(*str != '\0')
  44   2          {
  45   3          
  46   3            if(x < 16) {
  47   4              lcd1602_write_cmd(0x80 + x);
  48   4            }
  49   3            else
  50   3            {
  51   4              lcd1602_write_cmd(0xB0 + x);
  52   4            }
  53   3            lcd1602_write_data(*str);
  54   3            str++;
C51 COMPILER V9.60.0.0   LCD1602                                                           03/19/2022 22:54:06 PAGE 2   

  55   3            x++;
  56   3          }
  57   2        }
  58   1        else       // 第二行
  59   1        {
  60   2          while(*str != '\0')
  61   2          {
  62   3            if(x < 16)
  63   3            {
  64   4              lcd1602_write_cmd(0xC0 + x);
  65   4            }
  66   3            else 
  67   3            {
  68   4              lcd1602_write_cmd(0x70 + x);
  69   4            }
  70   3            lcd1602_write_data(*str);
  71   3            str++;
  72   3            x++;
  73   3          }
  74   2        }
  75   1      }
  76          
  77          void lcd1602_show_number(u8 x, u8 y, u8 number)
  78          {
  79   1        if(y > 1 | x > 15) return;
  80   1        if(y < 1)
  81   1        {
  82   2          lcd1602_write_cmd(0x80 + x);
  83   2        }
  84   1        else
  85   1        {
  86   2          lcd1602_write_cmd(0xC0 + x);
  87   2        }
  88   1        lcd1602_write_data(number + 0x30); 
  89   1      }
  90          
  91          void lcd1602_clear(void)
  92          {
  93   1        lcd1602_write_cmd(0x01);
  94   1      }


MODULE INFORMATION:   STATIC OVERLAYABLE
   CODE SIZE        =    330    ----
   CONSTANT SIZE    =   ----    ----
   XDATA SIZE       =   ----    ----
   PDATA SIZE       =   ----    ----
   DATA SIZE        =   ----       7
   IDATA SIZE       =   ----    ----
   BIT SIZE         =   ----    ----
END OF MODULE INFORMATION.


C51 COMPILATION COMPLETE.  0 WARNING(S),  0 ERROR(S)
