C51 COMPILER V9.60.0.0   DELAY                                                             03/16/2022 07:57:47 PAGE 1   


C51 COMPILER V9.60.0.0, COMPILATION OF MODULE DELAY
OBJECT MODULE PLACED IN .\Objects\Delay.obj
COMPILER INVOKED BY: D:\software\Keil\C51\BIN\C51.EXE Delay.c OPTIMIZE(8,SPEED) BROWSE DEBUG OBJECTEXTEND PRINT(.\Listin
                    -gs\Delay.lst) TABS(2) OBJECT(.\Objects\Delay.obj)

line level    source

   1          #include <INTRINS.H>
   2          
   3          void DelayNms(unsigned int n)   //@11.0592MHz
   4          {
   5   1        unsigned char i, j;
   6   1        
   7   1        while(n--)
   8   1        {
   9   2          _nop_();
  10   2          _nop_();
  11   2          _nop_();
  12   2          i = 11;
  13   2          j = 190;
  14   2          do
  15   2          {
  16   3            while (--j);
  17   3          } while (--i);
  18   2        }
  19   1      }
  20          
  21          void DelayNus(unsigned char n)    //@11.0592MHz
  22          {
  23   1        while(n--)
  24   1        {
  25   2          _nop_();
  26   2          _nop_();
  27   2          _nop_();
  28   2        }
  29   1      }


MODULE INFORMATION:   STATIC OVERLAYABLE
   CODE SIZE        =     36    ----
   CONSTANT SIZE    =   ----    ----
   XDATA SIZE       =   ----    ----
   PDATA SIZE       =   ----    ----
   DATA SIZE        =   ----    ----
   IDATA SIZE       =   ----    ----
   BIT SIZE         =   ----    ----
END OF MODULE INFORMATION.


C51 COMPILATION COMPLETE.  0 WARNING(S),  0 ERROR(S)
