C51 COMPILER V9.60.0.0   MAIN                                                              03/15/2022 00:14:03 PAGE 1   


C51 COMPILER V9.60.0.0, COMPILATION OF MODULE MAIN
OBJECT MODULE PLACED IN .\Objects\main.obj
COMPILER INVOKED BY: D:\software\Keil\C51\BIN\C51.EXE main.c OPTIMIZE(8,SPEED) BROWSE DEBUG OBJECTEXTEND PRINT(.\Listing
                    -s\main.lst) TABS(2) OBJECT(.\Objects\main.obj)

line level    source

   1          #include <REGX52.H>
   2          #include <INTRINS.H>
   3          
   4          unsigned char arr[] = {0x3f,0x06,0x5b,0x4f,0x66,0x6d,0x7d,0x07,0x7f,0x6f};
   5          void Nixie(unsigned char location, number);
   6          void DelayNms(unsigned int n);
   7          void DelayNus(unsigned char n);
   8          
   9          void main()
  10          {
  11   1        unsigned char i;
  12   1        while(1)
  13   1        {
  14   2          for(i = 0; i < 8; i++)
  15   2          {
  16   3            Nixie(i, i);
  17   3          }
  18   2        }
  19   1      }
  20          
  21          void Nixie(unsigned char location ,number)
  22          {
  23   1        unsigned tempVar = location;
  24   1        if(location > 9 || location < 0 || number < 0 || number > 9)
  25   1        {
  26   2          return;
  27   2        }
  28   1        P2_2 = tempVar % 2;
  29   1        tempVar = tempVar / 2;
  30   1        P2_3 = tempVar % 2;
  31   1        tempVar = tempVar / 2;
  32   1        P2_4 = tempVar % 2;
  33   1        P0 = arr[number];
  34   1        
  35   1        DelayNus(100);
  36   1        P0 = 0x00;
  37   1      }
  38          
  39          void DelayNms(unsigned int n)   //@11.0592MHz
  40          {
  41   1        unsigned char i, j;
  42   1        
  43   1        while(n--)
  44   1        {
  45   2          _nop_();
  46   2          _nop_();
  47   2          _nop_();
  48   2          i = 11;
  49   2          j = 190;
  50   2          do
  51   2          {
  52   3            while (--j);
  53   3          } while (--i);
  54   2        }
C51 COMPILER V9.60.0.0   MAIN                                                              03/15/2022 00:14:03 PAGE 2   

  55   1      }
  56          
  57          void DelayNus(unsigned char n)    //@11.0592MHz
  58          {
  59   1        while(n--)
  60   1        {
  61   2          _nop_();
  62   2          _nop_();
  63   2          _nop_();
  64   2        }
  65   1      }


MODULE INFORMATION:   STATIC OVERLAYABLE
   CODE SIZE        =    150    ----
   CONSTANT SIZE    =   ----    ----
   XDATA SIZE       =   ----    ----
   PDATA SIZE       =   ----    ----
   DATA SIZE        =     10       3
   IDATA SIZE       =   ----    ----
   BIT SIZE         =   ----    ----
END OF MODULE INFORMATION.


C51 COMPILATION COMPLETE.  0 WARNING(S),  0 ERROR(S)
