C51 COMPILER V9.60.0.0   NIXIE                                                             03/16/2022 08:09:32 PAGE 1   


C51 COMPILER V9.60.0.0, COMPILATION OF MODULE NIXIE
OBJECT MODULE PLACED IN .\Objects\Nixie.obj
COMPILER INVOKED BY: D:\software\Keil\C51\BIN\C51.EXE Nixie.c OPTIMIZE(8,SPEED) BROWSE DEBUG OBJECTEXTEND PRINT(.\Listin
                    -gs\Nixie.lst) TABS(2) OBJECT(.\Objects\Nixie.obj)

line level    source

   1          #include <REGX52.H>
   2          #include "Delay.h"
   3          
   4          unsigned char arr[] = {0x3f,0x06,0x5b,0x4f,0x66,0x6d,0x7d,0x07,0x7f,0x6f};
   5          
   6          void Nixie(unsigned char location ,number)
   7          {
   8   1        unsigned tempVar = location;
   9   1        if(location > 9 || location < 0 || number < 0 || number > 9)
  10   1        {
  11   2          return;
  12   2        }
  13   1        P2_2 = tempVar % 2;
  14   1        tempVar = tempVar / 2;
  15   1        P2_3 = tempVar % 2;
  16   1        tempVar = tempVar / 2;
  17   1        P2_4 = tempVar % 2;
  18   1        P0 = arr[number];
  19   1        
  20   1        DelayNus(100);
  21   1        P0 = 0x00;
  22   1      }


MODULE INFORMATION:   STATIC OVERLAYABLE
   CODE SIZE        =     88    ----
   CONSTANT SIZE    =   ----    ----
   XDATA SIZE       =   ----    ----
   PDATA SIZE       =   ----    ----
   DATA SIZE        =     10       2
   IDATA SIZE       =   ----    ----
   BIT SIZE         =   ----    ----
END OF MODULE INFORMATION.


C51 COMPILATION COMPLETE.  0 WARNING(S),  0 ERROR(S)
