C51 COMPILER V9.60.0.0   MATRIXKEY                                                         03/27/2022 17:00:11 PAGE 1   


C51 COMPILER V9.60.0.0, COMPILATION OF MODULE MATRIXKEY
OBJECT MODULE PLACED IN .\Objects\MatrixKey.obj
COMPILER INVOKED BY: D:\software\Keil\C51\BIN\C51.EXE MatrixKey.c OPTIMIZE(8,SPEED) BROWSE INCDIR(.\lcd1602;.\delay) DEB
                    -UG OBJECTEXTEND PRINT(.\Listings\MatrixKey.lst) TABS(2) OBJECT(.\Objects\MatrixKey.obj)

line level    source

   1          #include <REGX52.H>
   2          #include "Delay.h"
   3          
   4          unsigned char MatrixKey()
   5          {
   6   1        unsigned char keyNumber = 0;
   7   1        
   8   1        while(!keyNumber)
   9   1        {
  10   2          P1 = 0xFF;
  11   2          P1_3 = 0;
  12   2          if(P1_7 == 0){DelayNms(20); while(P1_7 == 0);DelayNms(20);keyNumber = 0 * 4 + 1;}
  13   2          if(P1_6 == 0){DelayNms(20); while(P1_6 == 0);DelayNms(20);keyNumber = 1 * 4 + 1;}
  14   2          if(P1_5 == 0){DelayNms(20); while(P1_5 == 0);DelayNms(20);keyNumber = 2 * 4 + 1;}
  15   2          if(P1_4 == 0){DelayNms(20); while(P1_4 == 0);DelayNms(20);keyNumber = 3 * 4 + 1;}
  16   2          
  17   2          P1 = 0xFF;
  18   2          P1_2 = 0;
  19   2          if(P1_7 == 0){DelayNms(20); while(P1_7 == 0);DelayNms(20);keyNumber = 0 * 4 + 2;}
  20   2          if(P1_6 == 0){DelayNms(20); while(P1_6 == 0);DelayNms(20);keyNumber = 1 * 4 + 2;}
  21   2          if(P1_5 == 0){DelayNms(20); while(P1_5 == 0);DelayNms(20);keyNumber = 2 * 4 + 2;}
  22   2          if(P1_4 == 0){DelayNms(20); while(P1_4 == 0);DelayNms(20);keyNumber = 3 * 4 + 2;}
  23   2          
  24   2          P1 = 0xFF;
  25   2          P1_1 = 0;
  26   2          if(P1_7 == 0){DelayNms(20); while(P1_7 == 0);DelayNms(20);keyNumber = 0 * 4 + 3;}
  27   2          if(P1_6 == 0){DelayNms(20); while(P1_6 == 0);DelayNms(20);keyNumber = 1 * 4 + 3;}
  28   2          if(P1_5 == 0){DelayNms(20); while(P1_5 == 0);DelayNms(20);keyNumber = 2 * 4 + 3;}
  29   2          if(P1_4 == 0){DelayNms(20); while(P1_4 == 0);DelayNms(20);keyNumber = 3 * 4 + 3;}
  30   2          
  31   2          P1 = 0xFF;
  32   2          P1_0 = 0;
  33   2          if(P1_7 == 0){DelayNms(20); while(P1_7 == 0);DelayNms(20);keyNumber = 0 * 4 + 4;}
  34   2          if(P1_6 == 0){DelayNms(20); while(P1_6 == 0);DelayNms(20);keyNumber = 1 * 4 + 4;}
  35   2          if(P1_5 == 0){DelayNms(20); while(P1_5 == 0);DelayNms(20);keyNumber = 2 * 4 + 4;}
  36   2          if(P1_4 == 0){DelayNms(20); while(P1_4 == 0);DelayNms(20);keyNumber = 3 * 4 + 4;}
  37   2        }
  38   1        
  39   1        return keyNumber;
  40   1      }


MODULE INFORMATION:   STATIC OVERLAYABLE
   CODE SIZE        =    406    ----
   CONSTANT SIZE    =   ----    ----
   XDATA SIZE       =   ----    ----
   PDATA SIZE       =   ----    ----
   DATA SIZE        =   ----       1
   IDATA SIZE       =   ----    ----
   BIT SIZE         =   ----    ----
END OF MODULE INFORMATION.


C51 COMPILATION COMPLETE.  0 WARNING(S),  0 ERROR(S)
