C51 COMPILER V9.60.0.0   MAIN                                                              05/04/2022 14:10:46 PAGE 1   


C51 COMPILER V9.60.0.0, COMPILATION OF MODULE MAIN
OBJECT MODULE PLACED IN .\Objects\main.obj
COMPILER INVOKED BY: D:\software\Keil\C51\BIN\C51.EXE main.c OPTIMIZE(8,SPEED) BROWSE INCDIR(.\delay;.\lcd1602;.\math;.\
                    -matrixKey) DEBUG OBJECTEXTEND PRINT(.\Listings\main.lst) TABS(2) OBJECT(.\Objects\main.obj)

line level    source

   1          #include <REGX52.H>
   2          #include <INTRINS.H>
   3          #include "LCD1602.h"
   4          #include "Timer.h"
*** WARNING C318 IN LINE 4 OF main.c: can't open file 'Timer.h'
   5          #include "MatrixKey.h"
   6          
   7          unsigned char keyNumber;
   8          void main()
   9          {
  10   1        P2 = 0x7F;
  11   1      //  Timer0_init();
  12   1        Timer1_init();
*** WARNING C206 IN LINE 12 OF main.c: 'Timer1_init': missing function-prototype
  13   1        while(1);
  14   1      }
  15          
  16          // 定时器
  17          void Timer0_Routin() interrupt 1
  18          {
  19   1        static unsigned int T0Count = 0;
  20   1        TL0 = 0x66;   //设置定时初始值
  21   1        TH0 = 0xFC;   //设置定时初始值
  22   1        T0Count++;
  23   1        if(T0Count >= 500)
  24   1        {
  25   2          T0Count = 0;
  26   2          P2 = _cror_(P2, 1);
  27   2        }
  28   1      }
  29          
  30          // 定时器
  31          void Timer1_Routin() interrupt 3
  32          {
  33   1        static unsigned int T1Count = 0;
  34   1        static unsigned int Sec = 0;
  35   1        TL1 = 0x66;   //设置定时初始值
  36   1        TH1 = 0xFC;   //设置定时初始值
  37   1        T1Count++;
  38   1        if(T1Count >= 1000)
  39   1        {
  40   2          T1Count = 0;
  41   2          Sec++;
  42   2          lcd1602_show_string(0,0,"time:");
  43   2          lcd1602_show_number(0,1,3,Sec);
  44   2        }
  45   1      }


MODULE INFORMATION:   STATIC OVERLAYABLE
   CODE SIZE        =    187    ----
   CONSTANT SIZE    =      6    ----
   XDATA SIZE       =   ----    ----
   PDATA SIZE       =   ----    ----
C51 COMPILER V9.60.0.0   MAIN                                                              05/04/2022 14:10:46 PAGE 2   

   DATA SIZE        =      7    ----
   IDATA SIZE       =   ----    ----
   BIT SIZE         =   ----    ----
END OF MODULE INFORMATION.


C51 COMPILATION COMPLETE.  2 WARNING(S),  0 ERROR(S)
