C51 COMPILER V9.60.0.0   MATHUTILS                                                         05/04/2022 14:10:47 PAGE 1   


C51 COMPILER V9.60.0.0, COMPILATION OF MODULE MATHUTILS
OBJECT MODULE PLACED IN .\Objects\MathUtils.obj
COMPILER INVOKED BY: D:\software\Keil\C51\BIN\C51.EXE math\MathUtils.c OPTIMIZE(8,SPEED) BROWSE INCDIR(.\delay;.\lcd1602
                    -;.\math;.\matrixKey) DEBUG OBJECTEXTEND PRINT(.\Listings\MathUtils.lst) TABS(2) OBJECT(.\Objects\MathUtils.obj)

line level    source

   1          
   2          /**
   3            * 求正整数x的正整数y次方
   4            */
   5          unsigned int intPow(unsigned int x, unsigned int y)
   6          {
   7   1          unsigned int power = 1;
   8   1          while(y--)
   9   1          {
  10   2            power *= x;
  11   2          }
  12   1          return power;
  13   1      }
  14          
  15          /**
  16            * 获取正整数integer的位数
  17            */
  18          unsigned char getIntegerSize(unsigned int integer)
  19          {
  20   1        unsigned int tempInteger = integer;
  21   1        unsigned char size = 0;
  22   1        
  23   1        while(tempInteger)
  24   1        {
  25   2          tempInteger /= 10;
  26   2          size++;
  27   2        }
  28   1        return size;
  29   1      }


MODULE INFORMATION:   STATIC OVERLAYABLE
   CODE SIZE        =     51    ----
   CONSTANT SIZE    =   ----    ----
   XDATA SIZE       =   ----    ----
   PDATA SIZE       =   ----    ----
   DATA SIZE        =   ----       2
   IDATA SIZE       =   ----    ----
   BIT SIZE         =   ----    ----
END OF MODULE INFORMATION.


C51 COMPILATION COMPLETE.  0 WARNING(S),  0 ERROR(S)
